Stay fit/app/build/outputs/logs/manifest-merger-debug-report.txt
-- Merging decision tree log ---
manifest
ADDED from src\main\AndroidManifest.xml:2:1-73:12
	package
		ADDED from src\main\AndroidManifest.xml:3:5-47
		INJECTED from src\main\AndroidManifest.xml
		INJECTED from src\main\AndroidManifest.xml
	android:versionName
		INJECTED from src\main\AndroidManifest.xml
		INJECTED from src\main\AndroidManifest.xml
	xmlns:android
		ADDED from src\main\AndroidManifest.xml:2:11-69
	android:versionCode
		INJECTED from src\main\AndroidManifest.xml
		INJECTED from src\main\AndroidManifest.xml
uses-permission#android.permission.SEND_SMS
ADDED from src\main\AndroidManifest.xml:5:5-67
	android:name
		ADDED from src\main\AndroidManifest.xml:5:22-64
uses-permission#android.permission.INTERNET
ADDED from src\main\AndroidManifest.xml:6:5-67
MERGED from [com.firebaseui:firebase-ui:0.6.2] AndroidManifest.xml:11:5-67
MERGED from [com.firebaseui:firebase-ui-database:0.6.2] AndroidManifest.xml:11:5-67
MERGED from [com.google.firebase:firebase-analytics:11.0.4] AndroidManifest.xml:20:5-66
MERGED from [com.google.firebase:firebase-analytics-impl:11.0.4] AndroidManifest.xml:20:5-66
MERGED from [com.google.firebase:firebase-iid:11.0.4] AndroidManifest.xml:20:5-66
	android:name
		ADDED from src\main\AndroidManifest.xml:6:22-64
uses-permission#android.permission.CAMERA
ADDED from src\main\AndroidManifest.xml:7:5-65
	android:name
		ADDED from src\main\AndroidManifest.xml:7:22-62
uses-permission#android.permission.READ_PHONE_STATE
ADDED from src\main\AndroidManifest.xml:8:5-75
	android:name
		ADDED from src\main\AndroidManifest.xml:8:22-72
uses-permission#android.permission.ACCESS_NETWORK_STATE
ADDED from src\main\AndroidManifest.xml:9:5-79
MERGED from [com.google.firebase:firebase-analytics:11.0.4] AndroidManifest.xml:21:5-78
MERGED from [com.google.firebase:firebase-analytics-impl:11.0.4] AndroidManifest.xml:21:5-78
MERGED from [com.google.firebase:firebase-iid:11.0.4] AndroidManifest.xml:19:5-78
	android:name
		ADDED from src\main\AndroidManifest.xml:9:22-76
uses-permission#android.permission.GET_ACCOUNTS
ADDED from src\main\AndroidManifest.xml:10:5-71
	android:name
		ADDED from src\main\AndroidManifest.xml:10:22-68
application
ADDED from src\main\AndroidManifest.xml:12:5-71:19
MERGED from [com.github.bloder:magic:1.1] AndroidManifest.xml:11:5-15:19
MERGED from [com.github.paolorotolo:appintro:4.1.0] AndroidManifest.xml:12:5-20
MERGED from [com.github.ozodrukh:CircularReveal:1.1.1] AndroidManifest.xml:10:5-20
MERGED from [com.github.jorgecastilloprz:fillableloaders:1.02] AndroidManifest.xml:9:5-10:19
MERGED from [com.google.firebase:firebase-messaging:11.0.4] AndroidManifest.xml:19:5-29:19
MERGED from [com.firebaseui:firebase-ui-database:0.6.2] AndroidManifest.xml:13:5-17:19
MERGED from [com.firebaseui:firebase-ui-auth:0.6.2] AndroidManifest.xml:12:5-83:19
MERGED from [com.facebook.android:facebook-android-sdk:4.14.1] AndroidManifest.xml:28:5-37:19
MERGED from [com.android.support:customtabs:23.4.0] AndroidManifest.xml:22:5-20
MERGED from [com.android.support:cardview-v7:25.3.1] AndroidManifest.xml:26:5-20
MERGED from [com.android.support:design:25.3.1] AndroidManifest.xml:29:5-20
MERGED from [com.android.support:transition:25.3.1] AndroidManifest.xml:26:5-20
MERGED from [com.google.firebase:firebase-auth:11.0.4] AndroidManifest.xml:19:5-20:19
MERGED from [com.android.support:palette-v7:25.0.0] AndroidManifest.xml:22:5-23:19
MERGED from [com.google.android.gms:play-services-auth:11.0.4] AndroidManifest.xml:19:5-25:19
MERGED from [com.google.android.gms:play-services-base:11.0.4] AndroidManifest.xml:18:5-20:19
MERGED from [pub.devrel:easypermissions:0.3.0] AndroidManifest.xml:11:5-17:19
MERGED from [com.android.support:appcompat-v7:25.3.1] AndroidManifest.xml:29:5-20
MERGED from [com.android.support:animated-vector-drawable:25.3.1] AndroidManifest.xml:26:5-20
MERGED from [com.android.support:support-vector-drawable:25.3.1] AndroidManifest.xml:26:5-20
MERGED from [com.google.firebase:firebase-core:11.0.4] AndroidManifest.xml:5:5-20
MERGED from [com.google.firebase:firebase-analytics:11.0.4] AndroidManifest.xml:24:5-34:19
MERGED from [com.google.firebase:firebase-analytics-impl:11.0.4] AndroidManifest.xml:24:5-28:19
MERGED from [com.google.firebase:firebase-iid:11.0.4] AndroidManifest.xml:28:5-49:19
MERGED from [com.google.firebase:firebase-common:11.0.4] AndroidManifest.xml:4:5-7:19
MERGED from [com.google.android.gms:play-services-tasks:11.0.4] AndroidManifest.xml:4:5-19
MERGED from [com.google.android.gms:play-services-basement:11.0.4] AndroidManifest.xml:19:5-21:19
MERGED from [com.android.support:support-v4:25.3.1] AndroidManifest.xml:29:5-20
MERGED from [com.android.support:support-fragment:25.3.1] AndroidManifest.xml:29:5-20
MERGED from [com.android.support:support-media-compat:25.3.1] AndroidManifest.xml:29:5-20
MERGED from [com.android.support:support-core-ui:25.3.1] AndroidManifest.xml:29:5-20
MERGED from [com.android.support:support-core-utils:25.3.1] AndroidManifest.xml:29:5-20
MERGED from [com.android.support:support-compat:25.3.1] AndroidManifest.xml:29:5-20
	android:label
		ADDED from src\main\AndroidManifest.xml:15:9-41
	android:supportsRtl
		ADDED from src\main\AndroidManifest.xml:16:9-35
	android:allowBackup
		ADDED from src\main\AndroidManifest.xml:13:9-35
	android:icon
		ADDED from src\main\AndroidManifest.xml:14:9-39
	android:theme
		ADDED from src\main\AndroidManifest.xml:17:9-40
activity#com.example.gujarati.naeshuruwat.Main2Activity
ADDED from src\main\AndroidManifest.xml:18:9-24:20
	android:name
		ADDED from src\main\AndroidManifest.xml:18:19-48
intent-filter#android.intent.action.MAIN+android.intent.category.LAUNCHER
ADDED from src\main\AndroidManifest.xml:19:13-23:29
action#android.intent.action.MAIN
ADDED from src\main\AndroidManifest.xml:20:17-69
	android:name
		ADDED from src\main\AndroidManifest.xml:20:25-66
category#android.intent.category.LAUNCHER
ADDED from src\main\AndroidManifest.xml:22:17-77
	android:name
		ADDED from src\main\AndroidManifest.xml:22:27-74
activity#com.example.gujarati.naeshuruwat.Main3Activity
ADDED from src\main\AndroidManifest.xml:25:9-51
	android:name
		ADDED from src\main\AndroidManifest.xml:25:19-48
activity#com.example.gujarati.naeshuruwat.MainActivity
ADDED from src\main\AndroidManifest.xml:26:9-50
	android:name
		ADDED from src\main\AndroidManifest.xml:26:19-47
activity#com.example.gujarati.naeshuruwat.MyIntro
ADDED from src\main\AndroidManifest.xml:27:9-29:54
	android:theme
		ADDED from src\main\AndroidManifest.xml:29:13-51
	android:name
		ADDED from src\main\AndroidManifest.xml:28:13-36
activity#com.example.gujarati.naeshuruwat.Main4Activity
ADDED from src\main\AndroidManifest.xml:30:9-51
	android:name
		ADDED from src\main\AndroidManifest.xml:30:19-48
activity#com.example.gujarati.naeshuruwat.Main5Activity
ADDED from src\main\AndroidManifest.xml:31:9-51
	android:name
		ADDED from src\main\AndroidManifest.xml:31:19-48
activity#com.example.gujarati.naeshuruwat.Main6Activity
ADDED from src\main\AndroidManifest.xml:32:9-51
	android:name
		ADDED from src\main\AndroidManifest.xml:32:19-48
activity#com.example.gujarati.naeshuruwat.ProfileUi
ADDED from src\main\AndroidManifest.xml:33:9-47
	android:name
		ADDED from src\main\AndroidManifest.xml:33:19-44
meta-data#com.facebook.sdk.ApplicationId
ADDED from src\main\AndroidManifest.xml:35:9-37:55
	android:value
		ADDED from src\main\AndroidManifest.xml:37:13-52
	android:name
		ADDED from src\main\AndroidManifest.xml:36:13-58
activity#com.example.gujarati.naeshuruwat.Main7Activity
ADDED from src\main\AndroidManifest.xml:39:9-51
	android:name
		ADDED from src\main\AndroidManifest.xml:39:19-48
activity#com.example.gujarati.naeshuruwat.Main8Activity
ADDED from src\main\AndroidManifest.xml:40:9-51
	android:name
		ADDED from src\main\AndroidManifest.xml:40:19-48
activity#com.example.gujarati.naeshuruwat.navigation
ADDED from src\main\AndroidManifest.xml:41:9-44:59
	android:label
		ADDED from src\main\AndroidManifest.xml:43:13-62
	android:theme
		ADDED from src\main\AndroidManifest.xml:44:13-56
	android:name
		ADDED from src\main\AndroidManifest.xml:42:13-39
activity#com.example.gujarati.naeshuruwat.cardview
ADDED from src\main\AndroidManifest.xml:45:9-46
	android:name
		ADDED from src\main\AndroidManifest.xml:45:19-43
activity#com.example.gujarati.naeshuruwat.retrieve1
ADDED from src\main\AndroidManifest.xml:46:9-48:56
	android:parentActivityName
		ADDED from src\main\AndroidManifest.xml:48:13-53
	android:name
		ADDED from src\main\AndroidManifest.xml:47:13-38
activity#com.example.gujarati.naeshuruwat.introduction
ADDED from src\main\AndroidManifest.xml:49:9-50
	android:name
		ADDED from src\main\AndroidManifest.xml:49:19-47
activity#com.example.gujarati.naeshuruwat.newsecond
ADDED from src\main\AndroidManifest.xml:50:9-47
	android:name
		ADDED from src\main\AndroidManifest.xml:50:19-44
activity#com.example.gujarati.naeshuruwat.loginnew
ADDED from src\main\AndroidManifest.xml:51:9-46
	android:name
		ADDED from src\main\AndroidManifest.xml:51:19-43
activity#com.example.gujarati.naeshuruwat.newregister
ADDED from src\main\AndroidManifest.xml:52:9-49
	android:name
		ADDED from src\main\AndroidManifest.xml:52:19-46
activity#com.example.gujarati.naeshuruwat.weekdays
ADDED from src\main\AndroidManifest.xml:53:9-46
	android:name
		ADDED from src\main\AndroidManifest.xml:53:19-43
activity#com.example.gujarati.naeshuruwat.calender
ADDED from src\main\AndroidManifest.xml:54:9-46
	android:name
		ADDED from src\main\AndroidManifest.xml:54:19-43
activity#com.example.gujarati.naeshuruwat.chatacti
ADDED from src\main\AndroidManifest.xml:55:9-46
	android:name
		ADDED from src\main\AndroidManifest.xml:55:19-43
activity#com.example.gujarati.naeshuruwat.chatchat
ADDED from src\main\AndroidManifest.xml:56:9-46
	android:name
		ADDED from src\main\AndroidManifest.xml:56:19-43
activity#com.example.gujarati.naeshuruwat.yogasan
ADDED from src\main\AndroidManifest.xml:57:9-45
	android:name
		ADDED from src\main\AndroidManifest.xml:57:19-42
activity#com.example.gujarati.naeshuruwat.kapalbhati
ADDED from src\main\AndroidManifest.xml:58:9-48
	android:name
		ADDED from src\main\AndroidManifest.xml:58:19-45
activity#com.example.gujarati.naeshuruwat.retrieve2
ADDED from src\main\AndroidManifest.xml:59:9-47
	android:name
		ADDED from src\main\AndroidManifest.xml:59:19-44
activity#com.example.gujarati.naeshuruwat.allyoga
ADDED from src\main\AndroidManifest.xml:60:9-62:56
	android:parentActivityName
		ADDED from src\main\AndroidManifest.xml:62:13-53
	android:name
		ADDED from src\main\AndroidManifest.xml:61:13-36
activity#com.example.gujarati.naeshuruwat.anulomvilom
ADDED from src\main\AndroidManifest.xml:63:9-49
	android:name
		ADDED from src\main\AndroidManifest.xml:63:19-46
activity#com.example.gujarati.naeshuruwat.gomukasan
ADDED from src\main\AndroidManifest.xml:64:9-47
	android:name
		ADDED from src\main\AndroidManifest.xml:64:19-44
activity#com.example.gujarati.naeshuruwat.newlogin
ADDED from src\main\AndroidManifest.xml:65:9-46
	android:name
		ADDED from src\main\AndroidManifest.xml:65:19-43
activity#com.example.gujarati.naeshuruwat.stepactivity
ADDED from src\main\AndroidManifest.xml:66:9-50
	android:name
		ADDED from src\main\AndroidManifest.xml:66:19-47
activity#com.example.gujarati.naeshuruwat.coachassign
ADDED from src\main\AndroidManifest.xml:67:9-49
	android:name
		ADDED from src\main\AndroidManifest.xml:67:19-46
activity#com.example.gujarati.naeshuruwat.Aboutus
ADDED from src\main\AndroidManifest.xml:68:9-45
	android:name
		ADDED from src\main\AndroidManifest.xml:68:19-42
activity#com.example.gujarati.naeshuruwat.newgroup
ADDED from src\main\AndroidManifest.xml:69:9-46
	android:name
		ADDED from src\main\AndroidManifest.xml:69:19-43
activity#com.example.gujarati.naeshuruwat.allnewyoga
ADDED from src\main\AndroidManifest.xml:70:9-57
	android:name
		ADDED from src\main\AndroidManifest.xml:70:19-45
uses-sdk
INJECTED from src\main\AndroidManifest.xml reason: use-sdk injection requested
MERGED from [com.android.support:multidex:1.0.1] AndroidManifest.xml:18:5-42
MERGED from [com.github.florent37:materialtextfield:1.0.7] AndroidManifest.xml:8:5-10:41
MERGED from [com.github.bloder:magic:1.1] AndroidManifest.xml:7:5-9:41
MERGED from [com.github.paolorotolo:appintro:4.1.0] AndroidManifest.xml:8:5-10:41
MERGED from [com.github.ViksaaSkool:AwesomeSplash:v1.0.0] AndroidManifest.xml:7:5-9:41
MERGED from [com.daimajia.androidanimations:library:1.1.3] AndroidManifest.xml:8:5-10:41
MERGED from [com.github.ozodrukh:CircularReveal:1.1.1] AndroidManifest.xml:6:5-8:41
MERGED from [com.daimajia.easing:library:1.0.1] AndroidManifest.xml:8:5-10:41
MERGED from [com.github.jorgecastilloprz:fillableloaders:1.02] AndroidManifest.xml:5:5-7:41
MERGED from [com.google.firebase:firebase-messaging:11.0.4] AndroidManifest.xml:17:5-43
MERGED from [com.firebaseui:firebase-ui:0.6.2] AndroidManifest.xml:7:5-9:41
MERGED from [com.firebaseui:firebase-ui-database:0.6.2] AndroidManifest.xml:7:5-9:41
MERGED from [com.google.firebase:firebase-database:9.8.0] AndroidManifest.xml:3:5-42
MERGED from [com.google.firebase:firebase-database-connection:9.8.0] AndroidManifest.xml:3:5-42
MERGED from [com.firebaseui:firebase-ui-auth:0.6.2] AndroidManifest.xml:8:5-10:41
MERGED from [com.facebook.android:facebook-android-sdk:4.14.1] AndroidManifest.xml:24:5-26:41
MERGED from [com.android.support:customtabs:23.4.0] AndroidManifest.xml:20:5-44
MERGED from [com.android.support:cardview-v7:25.3.1] AndroidManifest.xml:20:5-43
MERGED from [com.android.support:design:25.3.1] AndroidManifest.xml:21:5-23:62
MERGED from [com.android.support:recyclerview-v7:25.3.1] AndroidManifest.xml:20:5-43
MERGED from [com.android.support:transition:25.3.1] AndroidManifest.xml:20:5-44
MERGED from [com.google.firebase:firebase-auth:11.0.4] AndroidManifest.xml:17:5-43
MERGED from [com.firebaseui:firebase-ui-storage:0.6.2] AndroidManifest.xml:7:5-9:41
MERGED from [com.android.support:palette-v7:25.0.0] AndroidManifest.xml:20:5-43
MERGED from [com.google.firebase:firebase-storage:9.8.0] AndroidManifest.xml:3:5-42
MERGED from [com.google.firebase:firebase-storage-common:9.8.0] AndroidManifest.xml:3:5-42
MERGED from [com.github.hani-momanii:SuperNova-Emoji:1.0] AndroidManifest.xml:6:5-8:41
MERGED from [com.google.android.gms:play-services-auth:11.0.4] AndroidManifest.xml:17:5-43
MERGED from [com.google.android.gms:play-services-auth-base:11.0.4] AndroidManifest.xml:4:5-43
MERGED from [com.google.android.gms:play-services-base:11.0.4] AndroidManifest.xml:17:5-43
MERGED from [pub.devrel:easypermissions:0.3.0] AndroidManifest.xml:7:5-9:41
MERGED from [com.android.support:appcompat-v7:25.3.1] AndroidManifest.xml:21:5-23:78
MERGED from [com.android.support:animated-vector-drawable:25.3.1] AndroidManifest.xml:20:5-44
MERGED from [com.android.support:support-vector-drawable:25.3.1] AndroidManifest.xml:20:5-43
MERGED from [com.google.firebase:firebase-core:11.0.4] AndroidManifest.xml:4:5-43
MERGED from [com.google.firebase:firebase-analytics:11.0.4] AndroidManifest.xml:17:5-43
MERGED from [com.google.firebase:firebase-analytics-impl:11.0.4] AndroidManifest.xml:17:5-43
MERGED from [com.google.firebase:firebase-iid:11.0.4] AndroidManifest.xml:17:5-43
MERGED from [com.google.firebase:firebase-common:11.0.4] AndroidManifest.xml:3:5-43
MERGED from [com.google.android.gms:play-services-tasks:11.0.4] AndroidManifest.xml:3:5-43
MERGED from [com.google.android.gms:play-services-basement:11.0.4] AndroidManifest.xml:17:5-43
MERGED from [com.android.support:support-v4:25.3.1] AndroidManifest.xml:21:5-23:54
MERGED from [com.android.support:support-fragment:25.3.1] AndroidManifest.xml:21:5-23:60
MERGED from [com.android.support:support-media-compat:25.3.1] AndroidManifest.xml:21:5-23:63
MERGED from [com.android.support:support-core-ui:25.3.1] AndroidManifest.xml:21:5-23:58
MERGED from [com.android.support:support-core-utils:25.3.1] AndroidManifest.xml:21:5-23:61
MERGED from [com.android.support:support-compat:25.3.1] AndroidManifest.xml:21:5-23:58
	tools:overrideLibrary
		ADDED from [com.android.support:design:25.3.1] AndroidManifest.xml:23:9-59
	android:targetSdkVersion
		INJECTED from src\main\AndroidManifest.xml
		INJECTED from src\main\AndroidManifest.xml
	android:minSdkVersion
		INJECTED from src\main\AndroidManifest.xml
		INJECTED from src\main\AndroidManifest.xml
service#com.google.firebase.messaging.FirebaseMessagingService
ADDED from [com.google.firebase:firebase-messaging:11.0.4] AndroidManifest.xml:23:9-27:19
	android:exported
		ADDED from [com.google.firebase:firebase-messaging:11.0.4] AndroidManifest.xml:23:88-111
	android:name
		ADDED from [com.google.firebase:firebase-messaging:11.0.4] AndroidManifest.xml:23:18-87
intent-filter#com.google.firebase.MESSAGING_EVENT
ADDED from [com.google.firebase:firebase-messaging:11.0.4] AndroidManifest.xml:24:13-26:29
	android:priority
		ADDED from [com.google.firebase:firebase-messaging:11.0.4] AndroidManifest.xml:24:28-51
action#com.google.firebase.MESSAGING_EVENT
ADDED from [com.google.firebase:firebase-messaging:11.0.4] AndroidManifest.xml:25:17-77
	android:name
		ADDED from [com.google.firebase:firebase-messaging:11.0.4] AndroidManifest.xml:25:25-75
meta-data#com.google.android.gms.version
ADDED from [com.firebaseui:firebase-ui-database:0.6.2] AndroidManifest.xml:14:9-16:69
MERGED from [com.firebaseui:firebase-ui-auth:0.6.2] AndroidManifest.xml:13:9-15:69
MERGED from [com.google.android.gms:play-services-basement:11.0.4] AndroidManifest.xml:20:9-121
	android:value
		ADDED from [com.firebaseui:firebase-ui-database:0.6.2] AndroidManifest.xml:16:13-66
	android:name
		ADDED from [com.firebaseui:firebase-ui-database:0.6.2] AndroidManifest.xml:15:13-58
activity#com.firebase.ui.auth.ui.email.ConfirmRecoverPasswordActivity
ADDED from [com.firebaseui:firebase-ui-auth:0.6.2] AndroidManifest.xml:17:9-20:56
	android:label
		ADDED from [com.firebaseui:firebase-ui-auth:0.6.2] AndroidManifest.xml:19:13-76
	android:theme
		ADDED from [com.firebaseui:firebase-ui-auth:0.6.2] AndroidManifest.xml:20:13-53
	android:name
		ADDED from [com.firebaseui:firebase-ui-auth:0.6.2] AndroidManifest.xml:18:13-88
activity#com.firebase.ui.auth.ui.email.EmailHintContainerActivity
ADDED from [com.firebaseui:firebase-ui-auth:0.6.2] AndroidManifest.xml:21:9-24:61
	android:label
		ADDED from [com.firebaseui:firebase-ui-auth:0.6.2] AndroidManifest.xml:23:13-58
	android:theme
		ADDED from [com.firebaseui:firebase-ui-auth:0.6.2] AndroidManifest.xml:24:13-58
	android:name
		ADDED from [com.firebaseui:firebase-ui-auth:0.6.2] AndroidManifest.xml:22:13-84
activity#com.firebase.ui.auth.ui.email.RecoverPasswordActivity
ADDED from [com.firebaseui:firebase-ui-auth:0.6.2] AndroidManifest.xml:25:9-28:49
	android:label
		ADDED from [com.firebaseui:firebase-ui-auth:0.6.2] AndroidManifest.xml:27:13-68
	android:theme
		ADDED from [com.firebaseui:firebase-ui-auth:0.6.2] AndroidManifest.xml:28:13-46
	android:name
		ADDED from [com.firebaseui:firebase-ui-auth:0.6.2] AndroidManifest.xml:26:13-81
activity#com.firebase.ui.auth.ui.email.RegisterEmailActivity
ADDED from [com.firebaseui:firebase-ui-auth:0.6.2] AndroidManifest.xml:29:9-32:49
	android:label
		ADDED from [com.firebaseui:firebase-ui-auth:0.6.2] AndroidManifest.xml:31:13-66
	android:theme
		ADDED from [com.firebaseui:firebase-ui-auth:0.6.2] AndroidManifest.xml:32:13-46
	android:name
		ADDED from [com.firebaseui:firebase-ui-auth:0.6.2] AndroidManifest.xml:30:13-79
activity#com.firebase.ui.auth.ui.email.SignInNoPasswordActivity
ADDED from [com.firebaseui:firebase-ui-auth:0.6.2] AndroidManifest.xml:33:9-36:49
	android:label
		ADDED from [com.firebaseui:firebase-ui-auth:0.6.2] AndroidManifest.xml:35:13-71
	android:theme
		ADDED from [com.firebaseui:firebase-ui-auth:0.6.2] AndroidManifest.xml:36:13-46
	android:name
		ADDED from [com.firebaseui:firebase-ui-auth:0.6.2] AndroidManifest.xml:34:13-82
activity#com.firebase.ui.auth.ui.email.SignInActivity
ADDED from [com.firebaseui:firebase-ui-auth:0.6.2] AndroidManifest.xml:37:9-40:49
	android:label
		ADDED from [com.firebaseui:firebase-ui-auth:0.6.2] AndroidManifest.xml:39:13-59
	android:theme
		ADDED from [com.firebaseui:firebase-ui-auth:0.6.2] AndroidManifest.xml:40:13-46
	android:name
		ADDED from [com.firebaseui:firebase-ui-auth:0.6.2] AndroidManifest.xml:38:13-72
activity#com.firebase.ui.auth.ui.account_link.SaveCredentialsActivity
ADDED from [com.firebaseui:firebase-ui-auth:0.6.2] AndroidManifest.xml:41:9-44:61
	android:label
		ADDED from [com.firebaseui:firebase-ui-auth:0.6.2] AndroidManifest.xml:43:13-58
	android:theme
		ADDED from [com.firebaseui:firebase-ui-auth:0.6.2] AndroidManifest.xml:44:13-58
	android:name
		ADDED from [com.firebaseui:firebase-ui-auth:0.6.2] AndroidManifest.xml:42:13-88
activity#com.firebase.ui.auth.ui.account_link.WelcomeBackIDPPrompt
ADDED from [com.firebaseui:firebase-ui-auth:0.6.2] AndroidManifest.xml:45:9-48:49
	android:label
		ADDED from [com.firebaseui:firebase-ui-auth:0.6.2] AndroidManifest.xml:47:13-66
	android:theme
		ADDED from [com.firebaseui:firebase-ui-auth:0.6.2] AndroidManifest.xml:48:13-46
	android:name
		ADDED from [com.firebaseui:firebase-ui-auth:0.6.2] AndroidManifest.xml:46:13-85
activity#com.firebase.ui.auth.ui.account_link.WelcomeBackPasswordPrompt
ADDED from [com.firebaseui:firebase-ui-auth:0.6.2] AndroidManifest.xml:49:9-52:49
	android:label
		ADDED from [com.firebaseui:firebase-ui-auth:0.6.2] AndroidManifest.xml:51:13-71
	android:theme
		ADDED from [com.firebaseui:firebase-ui-auth:0.6.2] AndroidManifest.xml:52:13-46
	android:name
		ADDED from [com.firebaseui:firebase-ui-auth:0.6.2] AndroidManifest.xml:50:13-90
activity#com.firebase.ui.auth.ui.idp.AuthMethodPickerActivity
ADDED from [com.firebaseui:firebase-ui-auth:0.6.2] AndroidManifest.xml:53:9-56:49
	android:label
		ADDED from [com.firebaseui:firebase-ui-auth:0.6.2] AndroidManifest.xml:55:13-58
	android:theme
		ADDED from [com.firebaseui:firebase-ui-auth:0.6.2] AndroidManifest.xml:56:13-46
	android:name
		ADDED from [com.firebaseui:firebase-ui-auth:0.6.2] AndroidManifest.xml:54:13-80
activity#com.firebase.ui.auth.ui.idp.IDPSignInContainerActivity
ADDED from [com.firebaseui:firebase-ui-auth:0.6.2] AndroidManifest.xml:57:9-60:61
	android:label
		ADDED from [com.firebaseui:firebase-ui-auth:0.6.2] AndroidManifest.xml:59:13-58
	android:theme
		ADDED from [com.firebaseui:firebase-ui-auth:0.6.2] AndroidManifest.xml:60:13-58
	android:name
		ADDED from [com.firebaseui:firebase-ui-auth:0.6.2] AndroidManifest.xml:58:13-82
activity#com.firebase.ui.auth.ui.ChooseAccountActivity
ADDED from [com.firebaseui:firebase-ui-auth:0.6.2] AndroidManifest.xml:61:9-64:61
	android:label
		ADDED from [com.firebaseui:firebase-ui-auth:0.6.2] AndroidManifest.xml:63:13-58
	android:theme
		ADDED from [com.firebaseui:firebase-ui-auth:0.6.2] AndroidManifest.xml:64:13-58
	android:name
		ADDED from [com.firebaseui:firebase-ui-auth:0.6.2] AndroidManifest.xml:62:13-73
activity#com.facebook.FacebookActivity
ADDED from [com.firebaseui:firebase-ui-auth:0.6.2] AndroidManifest.xml:65:9-70:45
MERGED from [com.facebook.android:facebook-android-sdk:4.14.1] AndroidManifest.xml:29:9-32:75
	android:label
		ADDED from [com.firebaseui:firebase-ui-auth:0.6.2] AndroidManifest.xml:68:13-45
	android:configChanges
		ADDED from [com.firebaseui:firebase-ui-auth:0.6.2] AndroidManifest.xml:67:13-96
	android:theme
		ADDED from [com.firebaseui:firebase-ui-auth:0.6.2] AndroidManifest.xml:69:13-58
		REJECTED from [com.facebook.android:facebook-android-sdk:4.14.1] AndroidManifest.xml:32:13-72
	tools:replace
		ADDED from [com.firebaseui:firebase-ui-auth:0.6.2] AndroidManifest.xml:70:13-42
	android:name
		ADDED from [com.firebaseui:firebase-ui-auth:0.6.2] AndroidManifest.xml:66:13-57
activity#com.facebook.CustomTabActivity
ADDED from [com.firebaseui:firebase-ui-auth:0.6.2] AndroidManifest.xml:71:9-82:20
MERGED from [com.facebook.android:facebook-android-sdk:4.14.1] AndroidManifest.xml:33:9-36:20
	android:exported
		ADDED from [com.firebaseui:firebase-ui-auth:0.6.2] AndroidManifest.xml:73:13-36
	android:name
		ADDED from [com.firebaseui:firebase-ui-auth:0.6.2] AndroidManifest.xml:72:13-58
intent-filter#android.intent.action.VIEW+android.intent.category.BROWSABLE+android.intent.category.DEFAULT
ADDED from [com.firebaseui:firebase-ui-auth:0.6.2] AndroidManifest.xml:74:13-81:29
action#android.intent.action.VIEW
ADDED from [com.firebaseui:firebase-ui-auth:0.6.2] AndroidManifest.xml:75:17-69
	android:name
		ADDED from [com.firebaseui:firebase-ui-auth:0.6.2] AndroidManifest.xml:75:25-66
category#android.intent.category.DEFAULT
ADDED from [com.firebaseui:firebase-ui-auth:0.6.2] AndroidManifest.xml:77:17-76
	android:name
		ADDED from [com.firebaseui:firebase-ui-auth:0.6.2] AndroidManifest.xml:77:27-73
category#android.intent.category.BROWSABLE
ADDED from [com.firebaseui:firebase-ui-auth:0.6.2] AndroidManifest.xml:78:17-78
	android:name
		ADDED from [com.firebaseui:firebase-ui-auth:0.6.2] AndroidManifest.xml:78:27-75
data
ADDED from [com.firebaseui:firebase-ui-auth:0.6.2] AndroidManifest.xml:80:17-81
	android:scheme
		ADDED from [com.firebaseui:firebase-ui-auth:0.6.2] AndroidManifest.xml:80:23-78
meta-data#android.support.VERSION
ADDED from [com.android.support:cardview-v7:25.3.1] AndroidManifest.xml:22:5-24:34
MERGED from [com.android.support:design:25.3.1] AndroidManifest.xml:25:5-27:34
MERGED from [com.android.support:recyclerview-v7:25.3.1] AndroidManifest.xml:22:5-24:34
MERGED from [com.android.support:transition:25.3.1] AndroidManifest.xml:22:5-24:34
MERGED from [com.android.support:appcompat-v7:25.3.1] AndroidManifest.xml:25:5-27:34
MERGED from [com.android.support:animated-vector-drawable:25.3.1] AndroidManifest.xml:22:5-24:34
MERGED from [com.android.support:support-vector-drawable:25.3.1] AndroidManifest.xml:22:5-24:34
MERGED from [com.android.support:support-v4:25.3.1] AndroidManifest.xml:25:5-27:34
MERGED from [com.android.support:support-fragment:25.3.1] AndroidManifest.xml:25:5-27:34
MERGED from [com.android.support:support-media-compat:25.3.1] AndroidManifest.xml:25:5-27:34
MERGED from [com.android.support:support-core-ui:25.3.1] AndroidManifest.xml:25:5-27:34
MERGED from [com.android.support:support-core-utils:25.3.1] AndroidManifest.xml:25:5-27:34
MERGED from [com.android.support:support-compat:25.3.1] AndroidManifest.xml:25:5-27:34
	android:value
		ADDED from [com.android.support:cardview-v7:25.3.1] AndroidManifest.xml:24:9-31
	android:name
		ADDED from [com.android.support:cardview-v7:25.3.1] AndroidManifest.xml:23:9-47
activity#com.google.android.gms.auth.api.signin.internal.SignInHubActivity
ADDED from [com.google.android.gms:play-services-auth:11.0.4] AndroidManifest.xml:20:9-189
	android:excludeFromRecents
		ADDED from [com.google.android.gms:play-services-auth:11.0.4] AndroidManifest.xml:20:129-162
	android:exported
		ADDED from [com.google.android.gms:play-services-auth:11.0.4] AndroidManifest.xml:20:163-187
	android:theme
		ADDED from [com.google.android.gms:play-services-auth:11.0.4] AndroidManifest.xml:20:69-128
	android:name
		ADDED from [com.google.android.gms:play-services-auth:11.0.4] AndroidManifest.xml:20:19-68
service#com.google.android.gms.auth.api.signin.RevocationBoundService
ADDED from [com.google.android.gms:play-services-auth:11.0.4] AndroidManifest.xml:24:9-184
	android:exported
		ADDED from [com.google.android.gms:play-services-auth:11.0.4] AndroidManifest.xml:24:64-87
	android:permission
		ADDED from [com.google.android.gms:play-services-auth:11.0.4] AndroidManifest.xml:24:88-182
	android:name
		ADDED from [com.google.android.gms:play-services-auth:11.0.4] AndroidManifest.xml:24:18-63
activity#com.google.android.gms.common.api.GoogleApiActivity
ADDED from [com.google.android.gms:play-services-base:11.0.4] AndroidManifest.xml:19:9-172
	android:exported
		ADDED from [com.google.android.gms:play-services-base:11.0.4] AndroidManifest.xml:19:146-170
	android:theme
		ADDED from [com.google.android.gms:play-services-base:11.0.4] AndroidManifest.xml:19:86-145
	android:name
		ADDED from [com.google.android.gms:play-services-base:11.0.4] AndroidManifest.xml:19:19-85
activity#pub.devrel.easypermissions.AppSettingsDialogHolderActivity
ADDED from [pub.devrel:easypermissions:0.3.0] AndroidManifest.xml:12:9-16:66
	android:label
		ADDED from [pub.devrel:easypermissions:0.3.0] AndroidManifest.xml:15:13-29
	android:exported
		ADDED from [pub.devrel:easypermissions:0.3.0] AndroidManifest.xml:14:13-37
	android:theme
		ADDED from [pub.devrel:easypermissions:0.3.0] AndroidManifest.xml:16:13-63
	android:name
		ADDED from [pub.devrel:easypermissions:0.3.0] AndroidManifest.xml:13:13-86
uses-permission#android.permission.WAKE_LOCK
ADDED from [com.google.firebase:firebase-analytics:11.0.4] AndroidManifest.xml:22:5-67
MERGED from [com.google.firebase:firebase-analytics-impl:11.0.4] AndroidManifest.xml:22:5-67
MERGED from [com.google.firebase:firebase-iid:11.0.4] AndroidManifest.xml:21:5-67
	android:name
		ADDED from [com.google.firebase:firebase-analytics:11.0.4] AndroidManifest.xml:22:22-65
receiver#com.google.android.gms.measurement.AppMeasurementReceiver
ADDED from [com.google.firebase:firebase-analytics:11.0.4] AndroidManifest.xml:25:7-26:18
MERGED from [com.google.firebase:firebase-analytics-impl:11.0.4] AndroidManifest.xml:25:7-26:18
	android:enabled
		ADDED from [com.google.firebase:firebase-analytics:11.0.4] AndroidManifest.xml:25:90-112
	android:exported
		ADDED from [com.google.firebase:firebase-analytics:11.0.4] AndroidManifest.xml:25:113-137
	android:name
		ADDED from [com.google.firebase:firebase-analytics:11.0.4] AndroidManifest.xml:25:17-89
receiver#com.google.android.gms.measurement.AppMeasurementInstallReferrerReceiver
ADDED from [com.google.firebase:firebase-analytics:11.0.4] AndroidManifest.xml:27:7-31:18
	android:enabled
		ADDED from [com.google.firebase:firebase-analytics:11.0.4] AndroidManifest.xml:27:162-184
	android:exported